izmirharita6/app/build/intermediates/manifest_merge_blame_file/debug/processDebugMainManifest/manifest-merger-blame-debug-report.txt
1<?xml version="1.0" encoding="utf-8"?>
2<manifest xmlns:android="http://schemas.android.com/apk/res/android"
3    package="com.yazhamit.izmirharita"
4    android:versionCode="1"
5    android:versionName="1.0" >
6
7    <uses-sdk
8        android:minSdkVersion="24"
9        android:targetSdkVersion="35" />
10
11    <uses-permission android:name="android.permission.INTERNET" />
11-->src/main/AndroidManifest.xml:5:5-67
11-->src/main/AndroidManifest.xml:5:22-64
12    <uses-permission android:name="android.permission.ACCESS_NETWORK_STATE" />
12-->src/main/AndroidManifest.xml:6:5-79
12-->src/main/AndroidManifest.xml:6:22-76
13    <uses-permission android:name="android.permission.ACCESS_FINE_LOCATION" />
13-->src/main/AndroidManifest.xml:6:80-154
13-->src/main/AndroidManifest.xml:6:97-151
14    <uses-permission android:name="android.permission.ACCESS_COARSE_LOCATION" />
14-->src/main/AndroidManifest.xml:7:5-81
14-->src/main/AndroidManifest.xml:7:22-78
15    <uses-permission android:name="android.permission.CAMERA" />
15-->src/main/AndroidManifest.xml:8:5-65
15-->src/main/AndroidManifest.xml:8:22-62
16
17    <uses-feature
17-->[com.google.android.gms:play-services-maps:19.0.0] AndroidManifest.xml:26:5-28:35
18        android:glEsVersion="0x00020000"
18-->[com.google.android.gms:play-services-maps:19.0.0] AndroidManifest.xml:27:9-41
19        android:required="true" />
19-->[com.google.android.gms:play-services-maps:19.0.0] AndroidManifest.xml:28:9-32
20
21    <queries>
21-->[com.google.android.gms:play-services-maps:19.0.0] AndroidManifest.xml:30:5-34:15
22
23        <!-- Needs to be explicitly declared on Android R+ -->
24        <package android:name="com.google.android.apps.maps" />
24-->[com.google.android.gms:play-services-maps:19.0.0] AndroidManifest.xml:33:9-64
24-->[com.google.android.gms:play-services-maps:19.0.0] AndroidManifest.xml:33:18-61
25    </queries>
26
27    <uses-permission android:name="android.permission.WAKE_LOCK" />
27-->[com.google.android.gms:play-services-measurement:23.0.0] AndroidManifest.xml:25:5-68
27-->[com.google.android.gms:play-services-measurement:23.0.0] AndroidManifest.xml:25:22-65
28    <uses-permission android:name="com.google.android.finsky.permission.BIND_GET_INSTALL_REFERRER_SERVICE" />
28-->[com.google.android.gms:play-services-measurement:23.0.0] AndroidManifest.xml:26:5-110
28-->[com.google.android.gms:play-services-measurement:23.0.0] AndroidManifest.xml:26:22-107
29    <uses-permission android:name="com.google.android.gms.permission.AD_ID" />
29-->[com.google.android.gms:play-services-measurement-impl:23.0.0] AndroidManifest.xml:27:5-79
29-->[com.google.android.gms:play-services-measurement-impl:23.0.0] AndroidManifest.xml:27:22-76
30    <uses-permission android:name="android.permission.ACCESS_ADSERVICES_ATTRIBUTION" />
30-->[com.google.android.gms:play-services-measurement-api:23.0.0] AndroidManifest.xml:26:5-88
30-->[com.google.android.gms:play-services-measurement-api:23.0.0] AndroidManifest.xml:26:22-85
31    <uses-permission android:name="android.permission.ACCESS_ADSERVICES_AD_ID" />
31-->[com.google.android.gms:play-services-measurement-api:23.0.0] AndroidManifest.xml:27:5-82
31-->[com.google.android.gms:play-services-measurement-api:23.0.0] AndroidManifest.xml:27:22-79
32    <uses-permission android:name="com.google.android.providers.gsf.permission.READ_GSERVICES" />
32-->[com.google.android.recaptcha:recaptcha:18.6.1] AndroidManifest.xml:9:5-98
32-->[com.google.android.recaptcha:recaptcha:18.6.1] AndroidManifest.xml:9:22-95
33
34    <permission
34-->[androidx.core:core:1.15.0] AndroidManifest.xml:22:5-24:47
35        android:name="com.yazhamit.izmirharita.DYNAMIC_RECEIVER_NOT_EXPORTED_PERMISSION"
35-->[androidx.core:core:1.15.0] AndroidManifest.xml:23:9-81
36        android:protectionLevel="signature" />
36-->[androidx.core:core:1.15.0] AndroidManifest.xml:24:9-44
37
38    <uses-permission android:name="com.yazhamit.izmirharita.DYNAMIC_RECEIVER_NOT_EXPORTED_PERMISSION" />
38-->[androidx.core:core:1.15.0] AndroidManifest.xml:26:5-97
38-->[androidx.core:core:1.15.0] AndroidManifest.xml:26:22-94
39
40    <application
40-->src/main/AndroidManifest.xml:10:5-48:19
41        android:allowBackup="true"
41-->src/main/AndroidManifest.xml:11:9-35
42        android:appComponentFactory="androidx.core.app.CoreComponentFactory"
42-->[androidx.core:core:1.15.0] AndroidManifest.xml:28:18-86
43        android:dataExtractionRules="@xml/data_extraction_rules"
43-->src/main/AndroidManifest.xml:12:9-65
44        android:debuggable="true"
45        android:extractNativeLibs="false"
46        android:fullBackupContent="@xml/backup_rules"
46-->src/main/AndroidManifest.xml:13:9-54
47        android:icon="@mipmap/ic_launcher"
47-->src/main/AndroidManifest.xml:14:9-43
48        android:label="@string/app_name"
48-->src/main/AndroidManifest.xml:15:9-41
49        android:roundIcon="@mipmap/ic_launcher_round"
49-->src/main/AndroidManifest.xml:16:9-54
50        android:supportsRtl="true"
50-->src/main/AndroidManifest.xml:17:9-35
51        android:theme="@style/Theme.Izmirharita"
51-->src/main/AndroidManifest.xml:18:9-49
52        android:usesCleartextTraffic="true" >
52-->src/main/AndroidManifest.xml:19:9-44
53        <meta-data
53-->src/main/AndroidManifest.xml:20:31-22:67
54            android:name="com.google.android.geo.API_KEY"
54-->src/main/AndroidManifest.xml:21:9-54
55            android:value="AIzaSyDu3yMhJCviLLM-IFrwxX_ipPMxIqz3rfY" />
55-->src/main/AndroidManifest.xml:22:9-64
56        <meta-data
56-->src/main/AndroidManifest.xml:24:9-26:69
57            android:name="com.google.android.gms.version"
57-->src/main/AndroidManifest.xml:25:13-58
58            android:value="@integer/google_play_services_version" />
58-->src/main/AndroidManifest.xml:26:13-66
59
60        <provider
61            android:name="androidx.core.content.FileProvider"
61-->src/main/AndroidManifest.xml:29:13-62
62            android:authorities="com.yazhamit.izmirharita.provider"
62-->src/main/AndroidManifest.xml:30:13-60
63            android:exported="false"
63-->src/main/AndroidManifest.xml:31:13-37
64            android:grantUriPermissions="true" >
64-->src/main/AndroidManifest.xml:32:13-47
65            <meta-data
65-->src/main/AndroidManifest.xml:33:13-35:58
66                android:name="android.support.FILE_PROVIDER_PATHS"
66-->src/main/AndroidManifest.xml:34:17-67
67                android:resource="@xml/provider_paths" />
67-->src/main/AndroidManifest.xml:35:17-55
68        </provider>
69
70        <activity
70-->src/main/AndroidManifest.xml:38:9-47:20
71            android:name="com.yazhamit.izmirharita.MainActivity"
71-->src/main/AndroidManifest.xml:39:13-41
72            android:exported="true"
72-->src/main/AndroidManifest.xml:40:13-36
73            android:label="@string/app_name"
73-->src/main/AndroidManifest.xml:41:13-45
74            android:theme="@style/Theme.Izmirharita" >
74-->src/main/AndroidManifest.xml:42:13-53
75            <intent-filter>
75-->src/main/AndroidManifest.xml:43:13-46:29
76                <action android:name="android.intent.action.MAIN" />
76-->src/main/AndroidManifest.xml:44:17-69
76-->src/main/AndroidManifest.xml:44:25-66
77
78                <category android:name="android.intent.category.LAUNCHER" />
78-->src/main/AndroidManifest.xml:45:17-77
78-->src/main/AndroidManifest.xml:45:27-74
79            </intent-filter>
80        </activity>
81        <activity
81-->[androidx.compose.ui:ui-tooling-android:1.7.5] AndroidManifest.xml:23:9-25:39
82            android:name="androidx.compose.ui.tooling.PreviewActivity"
82-->[androidx.compose.ui:ui-tooling-android:1.7.5] AndroidManifest.xml:24:13-71
83            android:exported="true" />
83-->[androidx.compose.ui:ui-tooling-android:1.7.5] AndroidManifest.xml:25:13-36
84        <activity
84-->[androidx.compose.ui:ui-test-manifest:1.7.5] AndroidManifest.xml:23:9-25:39
85            android:name="androidx.activity.ComponentActivity"
85-->[androidx.compose.ui:ui-test-manifest:1.7.5] AndroidManifest.xml:24:13-63
86            android:exported="true" /> <!-- Needs to be explicitly declared on P+ -->
86-->[androidx.compose.ui:ui-test-manifest:1.7.5] AndroidManifest.xml:25:13-36
87        <uses-library
87-->[com.google.android.gms:play-services-maps:19.0.0] AndroidManifest.xml:39:9-41:40
88            android:name="org.apache.http.legacy"
88-->[com.google.android.gms:play-services-maps:19.0.0] AndroidManifest.xml:40:13-50
89            android:required="false" />
89-->[com.google.android.gms:play-services-maps:19.0.0] AndroidManifest.xml:41:13-37
90
91        <activity
91-->[com.google.firebase:firebase-auth:24.0.1] AndroidManifest.xml:29:9-46:20
92            android:name="com.google.firebase.auth.internal.GenericIdpActivity"
92-->[com.google.firebase:firebase-auth:24.0.1] AndroidManifest.xml:30:13-80
93            android:excludeFromRecents="true"
93-->[com.google.firebase:firebase-auth:24.0.1] AndroidManifest.xml:31:13-46
94            android:exported="true"
94-->[com.google.firebase:firebase-auth:24.0.1] AndroidManifest.xml:32:13-36
95            android:launchMode="singleTask"
95-->[com.google.firebase:firebase-auth:24.0.1] AndroidManifest.xml:33:13-44
96            android:theme="@android:style/Theme.Translucent.NoTitleBar" >
96-->[com.google.firebase:firebase-auth:24.0.1] AndroidManifest.xml:34:13-72
97            <intent-filter>
97-->[com.google.firebase:firebase-auth:24.0.1] AndroidManifest.xml:35:13-45:29
98                <action android:name="android.intent.action.VIEW" />
98-->[com.google.firebase:firebase-auth:24.0.1] AndroidManifest.xml:36:17-69
98-->[com.google.firebase:firebase-auth:24.0.1] AndroidManifest.xml:36:25-66
99
100                <category android:name="android.intent.category.DEFAULT" />
100-->[com.google.firebase:firebase-auth:24.0.1] AndroidManifest.xml:38:17-76
100-->[com.google.firebase:firebase-auth:24.0.1] AndroidManifest.xml:38:27-73
101                <category android:name="android.intent.category.BROWSABLE" />
101-->[com.google.firebase:firebase-auth:24.0.1] AndroidManifest.xml:39:17-78
101-->[com.google.firebase:firebase-auth:24.0.1] AndroidManifest.xml:39:27-75
102
103                <data
103-->[com.google.firebase:firebase-auth:24.0.1] AndroidManifest.xml:41:17-44:51
104                    android:host="firebase.auth"
104-->[com.google.firebase:firebase-auth:24.0.1] AndroidManifest.xml:42:21-49
105                    android:path="/"
105-->[com.google.firebase:firebase-auth:24.0.1] AndroidManifest.xml:43:21-37
106                    android:scheme="genericidp" />
106-->[com.google.firebase:firebase-auth:24.0.1] AndroidManifest.xml:44:21-48
107            </intent-filter>
108        </activity>
109        <activity
109-->[com.google.firebase:firebase-auth:24.0.1] AndroidManifest.xml:47:9-64:20
110            android:name="com.google.firebase.auth.internal.RecaptchaActivity"
110-->[com.google.firebase:firebase-auth:24.0.1] AndroidManifest.xml:48:13-79
111            android:excludeFromRecents="true"
111-->[com.google.firebase:firebase-auth:24.0.1] AndroidManifest.xml:49:13-46
112            android:exported="true"
112-->[com.google.firebase:firebase-auth:24.0.1] AndroidManifest.xml:50:13-36
113            android:launchMode="singleTask"
113-->[com.google.firebase:firebase-auth:24.0.1] AndroidManifest.xml:51:13-44
114            android:theme="@android:style/Theme.Translucent.NoTitleBar" >
114-->[com.google.firebase:firebase-auth:24.0.1] AndroidManifest.xml:52:13-72
115            <intent-filter>
115-->[com.google.firebase:firebase-auth:24.0.1] AndroidManifest.xml:53:13-63:29
116                <action android:name="android.intent.action.VIEW" />
116-->[com.google.firebase:firebase-auth:24.0.1] AndroidManifest.xml:36:17-69
116-->[com.google.firebase:firebase-auth:24.0.1] AndroidManifest.xml:36:25-66
117
118                <category android:name="android.intent.category.DEFAULT" />
118-->[com.google.firebase:firebase-auth:24.0.1] AndroidManifest.xml:38:17-76
118-->[com.google.firebase:firebase-auth:24.0.1] AndroidManifest.xml:38:27-73
119                <category android:name="android.intent.category.BROWSABLE" />
119-->[com.google.firebase:firebase-auth:24.0.1] AndroidManifest.xml:39:17-78
119-->[com.google.firebase:firebase-auth:24.0.1] AndroidManifest.xml:39:27-75
120
121                <data
121-->[com.google.firebase:firebase-auth:24.0.1] AndroidManifest.xml:41:17-44:51
122                    android:host="firebase.auth"
122-->[com.google.firebase:firebase-auth:24.0.1] AndroidManifest.xml:42:21-49
123                    android:path="/"
123-->[com.google.firebase:firebase-auth:24.0.1] AndroidManifest.xml:43:21-37
124                    android:scheme="recaptcha" />
124-->[com.google.firebase:firebase-auth:24.0.1] AndroidManifest.xml:44:21-48
125            </intent-filter>
126        </activity>
127
128        <service
128-->[com.google.firebase:firebase-auth:24.0.1] AndroidManifest.xml:66:9-72:19
129            android:name="com.google.firebase.components.ComponentDiscoveryService"
129-->[com.google.firebase:firebase-auth:24.0.1] AndroidManifest.xml:67:13-84
130            android:directBootAware="true"
130-->[com.google.firebase:firebase-common:22.0.1] AndroidManifest.xml:32:13-43
131            android:exported="false" >
131-->[com.google.firebase:firebase-auth:24.0.1] AndroidManifest.xml:68:13-37
132            <meta-data
132-->[com.google.firebase:firebase-auth:24.0.1] AndroidManifest.xml:69:13-71:85
133                android:name="com.google.firebase.components:com.google.firebase.auth.FirebaseAuthRegistrar"
133-->[com.google.firebase:firebase-auth:24.0.1] AndroidManifest.xml:70:17-109
134                android:value="com.google.firebase.components.ComponentRegistrar" />
134-->[com.google.firebase:firebase-auth:24.0.1] AndroidManifest.xml:71:17-82
135            <meta-data
135-->[com.google.firebase:firebase-firestore:26.1.1] AndroidManifest.xml:17:13-19:85
136                android:name="com.google.firebase.components:com.google.firebase.firestore.FirebaseFirestoreKtxRegistrar"
136-->[com.google.firebase:firebase-firestore:26.1.1] AndroidManifest.xml:18:17-122
137                android:value="com.google.firebase.components.ComponentRegistrar" />
137-->[com.google.firebase:firebase-firestore:26.1.1] AndroidManifest.xml:19:17-82
138            <meta-data
138-->[com.google.firebase:firebase-firestore:26.1.1] AndroidManifest.xml:20:13-22:85
139                android:name="com.google.firebase.components:com.google.firebase.firestore.FirestoreRegistrar"
139-->[com.google.firebase:firebase-firestore:26.1.1] AndroidManifest.xml:21:17-111
140                android:value="com.google.firebase.components.ComponentRegistrar" />
140-->[com.google.firebase:firebase-firestore:26.1.1] AndroidManifest.xml:22:17-82
141            <meta-data
141-->[com.google.firebase:firebase-storage:22.0.1] AndroidManifest.xml:30:13-32:85
142                android:name="com.google.firebase.components:com.google.firebase.storage.FirebaseStorageKtxRegistrar"
142-->[com.google.firebase:firebase-storage:22.0.1] AndroidManifest.xml:31:17-118
143                android:value="com.google.firebase.components.ComponentRegistrar" />
143-->[com.google.firebase:firebase-storage:22.0.1] AndroidManifest.xml:32:17-82
144            <meta-data
144-->[com.google.firebase:firebase-storage:22.0.1] AndroidManifest.xml:33:13-35:85
145                android:name="com.google.firebase.components:com.google.firebase.storage.StorageRegistrar"
145-->[com.google.firebase:firebase-storage:22.0.1] AndroidManifest.xml:34:17-107
146                android:value="com.google.firebase.components.ComponentRegistrar" />
146-->[com.google.firebase:firebase-storage:22.0.1] AndroidManifest.xml:35:17-82
147            <meta-data
147-->[com.google.firebase:firebase-appcheck:19.0.2] AndroidManifest.xml:25:13-27:85
148                android:name="com.google.firebase.components:com.google.firebase.appcheck.FirebaseAppCheckKtxRegistrar"
148-->[com.google.firebase:firebase-appcheck:19.0.2] AndroidManifest.xml:26:17-120
149                android:value="com.google.firebase.components.ComponentRegistrar" />
149-->[com.google.firebase:firebase-appcheck:19.0.2] AndroidManifest.xml:27:17-82
150            <meta-data
150-->[com.google.firebase:firebase-appcheck:19.0.2] AndroidManifest.xml:28:13-30:85
151                android:name="com.google.firebase.components:com.google.firebase.appcheck.FirebaseAppCheckRegistrar"
151-->[com.google.firebase:firebase-appcheck:19.0.2] AndroidManifest.xml:29:17-117
152                android:value="com.google.firebase.components.ComponentRegistrar" />
152-->[com.google.firebase:firebase-appcheck:19.0.2] AndroidManifest.xml:30:17-82
153            <meta-data
153-->[com.google.android.gms:play-services-measurement-api:23.0.0] AndroidManifest.xml:33:13-35:85
154                android:name="com.google.firebase.components:com.google.firebase.analytics.connector.internal.AnalyticsConnectorRegistrar"
154-->[com.google.android.gms:play-services-measurement-api:23.0.0] AndroidManifest.xml:34:17-139
155                android:value="com.google.firebase.components.ComponentRegistrar" />
155-->[com.google.android.gms:play-services-measurement-api:23.0.0] AndroidManifest.xml:35:17-82
156            <meta-data
156-->[com.google.firebase:firebase-installations:19.1.0] AndroidManifest.xml:15:13-17:85
157                android:name="com.google.firebase.components:com.google.firebase.installations.FirebaseInstallationsKtxRegistrar"
157-->[com.google.firebase:firebase-installations:19.1.0] AndroidManifest.xml:16:17-130
158                android:value="com.google.firebase.components.ComponentRegistrar" />
158-->[com.google.firebase:firebase-installations:19.1.0] AndroidManifest.xml:17:17-82
159            <meta-data
159-->[com.google.firebase:firebase-installations:19.1.0] AndroidManifest.xml:18:13-20:85
160                android:name="com.google.firebase.components:com.google.firebase.installations.FirebaseInstallationsRegistrar"
160-->[com.google.firebase:firebase-installations:19.1.0] AndroidManifest.xml:19:17-127
161                android:value="com.google.firebase.components.ComponentRegistrar" />
161-->[com.google.firebase:firebase-installations:19.1.0] AndroidManifest.xml:20:17-82
162            <meta-data
162-->[com.google.firebase:firebase-common:22.0.1] AndroidManifest.xml:35:13-37:85
163                android:name="com.google.firebase.components:com.google.firebase.FirebaseCommonKtxRegistrar"
163-->[com.google.firebase:firebase-common:22.0.1] AndroidManifest.xml:36:17-109
164                android:value="com.google.firebase.components.ComponentRegistrar" />
164-->[com.google.firebase:firebase-common:22.0.1] AndroidManifest.xml:37:17-82
165        </service>
166        <service
166-->[androidx.credentials:credentials-play-services-auth:1.2.0-rc01] AndroidManifest.xml:24:9-32:19
167            android:name="androidx.credentials.playservices.CredentialProviderMetadataHolder"
167-->[androidx.credentials:credentials-play-services-auth:1.2.0-rc01] AndroidManifest.xml:25:13-94
168            android:enabled="true"
168-->[androidx.credentials:credentials-play-services-auth:1.2.0-rc01] AndroidManifest.xml:26:13-35
169            android:exported="false" >
169-->[androidx.credentials:credentials-play-services-auth:1.2.0-rc01] AndroidManifest.xml:27:13-37
170            <meta-data
170-->[androidx.credentials:credentials-play-services-auth:1.2.0-rc01] AndroidManifest.xml:29:13-31:104
171                android:name="androidx.credentials.CREDENTIAL_PROVIDER_KEY"
171-->[androidx.credentials:credentials-play-services-auth:1.2.0-rc01] AndroidManifest.xml:30:17-76
172                android:value="androidx.credentials.playservices.CredentialProviderPlayServicesImpl" />
172-->[androidx.credentials:credentials-play-services-auth:1.2.0-rc01] AndroidManifest.xml:31:17-101
173        </service>
174
175        <activity
175-->[androidx.credentials:credentials-play-services-auth:1.2.0-rc01] AndroidManifest.xml:34:9-41:20
176            android:name="androidx.credentials.playservices.HiddenActivity"
176-->[androidx.credentials:credentials-play-services-auth:1.2.0-rc01] AndroidManifest.xml:35:13-76
177            android:configChanges="orientation|screenSize|screenLayout|keyboardHidden"
177-->[androidx.credentials:credentials-play-services-auth:1.2.0-rc01] AndroidManifest.xml:36:13-87
178            android:enabled="true"
178-->[androidx.credentials:credentials-play-services-auth:1.2.0-rc01] AndroidManifest.xml:37:13-35
179            android:exported="false"
179-->[androidx.credentials:credentials-play-services-auth:1.2.0-rc01] AndroidManifest.xml:38:13-37
180            android:fitsSystemWindows="true"
180-->[androidx.credentials:credentials-play-services-auth:1.2.0-rc01] AndroidManifest.xml:39:13-45
181            android:theme="@style/Theme.Hidden" >
181-->[androidx.credentials:credentials-play-services-auth:1.2.0-rc01] AndroidManifest.xml:40:13-48
182        </activity>
183        <activity
183-->[com.google.android.gms:play-services-auth:21.2.0] AndroidManifest.xml:23:9-27:75
184            android:name="com.google.android.gms.auth.api.signin.internal.SignInHubActivity"
184-->[com.google.android.gms:play-services-auth:21.2.0] AndroidManifest.xml:24:13-93
185            android:excludeFromRecents="true"
185-->[com.google.android.gms:play-services-auth:21.2.0] AndroidManifest.xml:25:13-46
186            android:exported="false"
186-->[com.google.android.gms:play-services-auth:21.2.0] AndroidManifest.xml:26:13-37
187            android:theme="@android:style/Theme.Translucent.NoTitleBar" />
187-->[com.google.android.gms:play-services-auth:21.2.0] AndroidManifest.xml:27:13-72
188        <!--
189            Service handling Google Sign-In user revocation. For apps that do not integrate with
190            Google Sign-In, this service will never be started.
191        -->
192        <service
192-->[com.google.android.gms:play-services-auth:21.2.0] AndroidManifest.xml:33:9-37:51
193            android:name="com.google.android.gms.auth.api.signin.RevocationBoundService"
193-->[com.google.android.gms:play-services-auth:21.2.0] AndroidManifest.xml:34:13-89
194            android:exported="true"
194-->[com.google.android.gms:play-services-auth:21.2.0] AndroidManifest.xml:35:13-36
195            android:permission="com.google.android.gms.auth.api.signin.permission.REVOCATION_NOTIFICATION"
195-->[com.google.android.gms:play-services-auth:21.2.0] AndroidManifest.xml:36:13-107
196            android:visibleToInstantApps="true" />
196-->[com.google.android.gms:play-services-auth:21.2.0] AndroidManifest.xml:37:13-48
197
198        <receiver
198-->[com.google.android.gms:play-services-measurement:23.0.0] AndroidManifest.xml:29:9-33:20
199            android:name="com.google.android.gms.measurement.AppMeasurementReceiver"
199-->[com.google.android.gms:play-services-measurement:23.0.0] AndroidManifest.xml:30:13-85
200            android:enabled="true"
200-->[com.google.android.gms:play-services-measurement:23.0.0] AndroidManifest.xml:31:13-35
201            android:exported="false" >
201-->[com.google.android.gms:play-services-measurement:23.0.0] AndroidManifest.xml:32:13-37
202        </receiver>
203
204        <service
204-->[com.google.android.gms:play-services-measurement:23.0.0] AndroidManifest.xml:35:9-38:40
205            android:name="com.google.android.gms.measurement.AppMeasurementService"
205-->[com.google.android.gms:play-services-measurement:23.0.0] AndroidManifest.xml:36:13-84
206            android:enabled="true"
206-->[com.google.android.gms:play-services-measurement:23.0.0] AndroidManifest.xml:37:13-35
207            android:exported="false" />
207-->[com.google.android.gms:play-services-measurement:23.0.0] AndroidManifest.xml:38:13-37
208        <service
208-->[com.google.android.gms:play-services-measurement:23.0.0] AndroidManifest.xml:39:9-43:72
209            android:name="com.google.android.gms.measurement.AppMeasurementJobService"
209-->[com.google.android.gms:play-services-measurement:23.0.0] AndroidManifest.xml:40:13-87
210            android:enabled="true"
210-->[com.google.android.gms:play-services-measurement:23.0.0] AndroidManifest.xml:41:13-35
211            android:exported="false"
211-->[com.google.android.gms:play-services-measurement:23.0.0] AndroidManifest.xml:42:13-37
212            android:permission="android.permission.BIND_JOB_SERVICE" />
212-->[com.google.android.gms:play-services-measurement:23.0.0] AndroidManifest.xml:43:13-69
213
214        <activity
214-->[com.google.android.gms:play-services-base:18.9.0] AndroidManifest.xml:20:9-22:45
215            android:name="com.google.android.gms.common.api.GoogleApiActivity"
215-->[com.google.android.gms:play-services-base:18.9.0] AndroidManifest.xml:20:19-85
216            android:exported="false"
216-->[com.google.android.gms:play-services-base:18.9.0] AndroidManifest.xml:22:19-43
217            android:theme="@android:style/Theme.Translucent.NoTitleBar" />
217-->[com.google.android.gms:play-services-base:18.9.0] AndroidManifest.xml:21:19-78
218
219        <provider
219-->[com.google.firebase:firebase-common:22.0.1] AndroidManifest.xml:23:9-28:39
220            android:name="com.google.firebase.provider.FirebaseInitProvider"
220-->[com.google.firebase:firebase-common:22.0.1] AndroidManifest.xml:24:13-77
221            android:authorities="com.yazhamit.izmirharita.firebaseinitprovider"
221-->[com.google.firebase:firebase-common:22.0.1] AndroidManifest.xml:25:13-72
222            android:directBootAware="true"
222-->[com.google.firebase:firebase-common:22.0.1] AndroidManifest.xml:26:13-43
223            android:exported="false"
223-->[com.google.firebase:firebase-common:22.0.1] AndroidManifest.xml:27:13-37
224            android:initOrder="100" />
224-->[com.google.firebase:firebase-common:22.0.1] AndroidManifest.xml:28:13-36
225        <provider
225-->[androidx.emoji2:emoji2:1.3.0] AndroidManifest.xml:24:9-32:20
226            android:name="androidx.startup.InitializationProvider"
226-->[androidx.emoji2:emoji2:1.3.0] AndroidManifest.xml:25:13-67
227            android:authorities="com.yazhamit.izmirharita.androidx-startup"
227-->[androidx.emoji2:emoji2:1.3.0] AndroidManifest.xml:26:13-68
228            android:exported="false" >
228-->[androidx.emoji2:emoji2:1.3.0] AndroidManifest.xml:27:13-37
229            <meta-data
229-->[androidx.emoji2:emoji2:1.3.0] AndroidManifest.xml:29:13-31:52
230                android:name="androidx.emoji2.text.EmojiCompatInitializer"
230-->[androidx.emoji2:emoji2:1.3.0] AndroidManifest.xml:30:17-75
231                android:value="androidx.startup" />
231-->[androidx.emoji2:emoji2:1.3.0] AndroidManifest.xml:31:17-49
232            <meta-data
232-->[androidx.lifecycle:lifecycle-process:2.8.7] AndroidManifest.xml:29:13-31:52
233                android:name="androidx.lifecycle.ProcessLifecycleInitializer"
233-->[androidx.lifecycle:lifecycle-process:2.8.7] AndroidManifest.xml:30:17-78
234                android:value="androidx.startup" />
234-->[androidx.lifecycle:lifecycle-process:2.8.7] AndroidManifest.xml:31:17-49
235            <meta-data
235-->[androidx.profileinstaller:profileinstaller:1.3.1] AndroidManifest.xml:29:13-31:52
236                android:name="androidx.profileinstaller.ProfileInstallerInitializer"
236-->[androidx.profileinstaller:profileinstaller:1.3.1] AndroidManifest.xml:30:17-85
237                android:value="androidx.startup" />
237-->[androidx.profileinstaller:profileinstaller:1.3.1] AndroidManifest.xml:31:17-49
238        </provider>
239
240        <uses-library
240-->[androidx.privacysandbox.ads:ads-adservices:1.1.0-beta11] AndroidManifest.xml:23:9-25:40
241            android:name="android.ext.adservices"
241-->[androidx.privacysandbox.ads:ads-adservices:1.1.0-beta11] AndroidManifest.xml:24:13-50
242            android:required="false" />
242-->[androidx.privacysandbox.ads:ads-adservices:1.1.0-beta11] AndroidManifest.xml:25:13-37
243
244        <receiver
244-->[androidx.profileinstaller:profileinstaller:1.3.1] AndroidManifest.xml:34:9-52:20
245            android:name="androidx.profileinstaller.ProfileInstallReceiver"
245-->[androidx.profileinstaller:profileinstaller:1.3.1] AndroidManifest.xml:35:13-76
246            android:directBootAware="false"
246-->[androidx.profileinstaller:profileinstaller:1.3.1] AndroidManifest.xml:36:13-44
247            android:enabled="true"
247-->[androidx.profileinstaller:profileinstaller:1.3.1] AndroidManifest.xml:37:13-35
248            android:exported="true"
248-->[androidx.profileinstaller:profileinstaller:1.3.1] AndroidManifest.xml:38:13-36
249            android:permission="android.permission.DUMP" >
249-->[androidx.profileinstaller:profileinstaller:1.3.1] AndroidManifest.xml:39:13-57
250            <intent-filter>
250-->[androidx.profileinstaller:profileinstaller:1.3.1] AndroidManifest.xml:40:13-42:29
251                <action android:name="androidx.profileinstaller.action.INSTALL_PROFILE" />
251-->[androidx.profileinstaller:profileinstaller:1.3.1] AndroidManifest.xml:41:17-91
251-->[androidx.profileinstaller:profileinstaller:1.3.1] AndroidManifest.xml:41:25-88
252            </intent-filter>
253            <intent-filter>
253-->[androidx.profileinstaller:profileinstaller:1.3.1] AndroidManifest.xml:43:13-45:29
254                <action android:name="androidx.profileinstaller.action.SKIP_FILE" />
254-->[androidx.profileinstaller:profileinstaller:1.3.1] AndroidManifest.xml:44:17-85
254-->[androidx.profileinstaller:profileinstaller:1.3.1] AndroidManifest.xml:44:25-82
255            </intent-filter>
256            <intent-filter>
256-->[androidx.profileinstaller:profileinstaller:1.3.1] AndroidManifest.xml:46:13-48:29
257                <action android:name="androidx.profileinstaller.action.SAVE_PROFILE" />
257-->[androidx.profileinstaller:profileinstaller:1.3.1] AndroidManifest.xml:47:17-88